Build started 4/29/2016 7:48:15 PM.
     1>Project "C:\Users\Tom\Documents\Visual Studio 2013\Projects\cs3113\hw04\NYUCodebase.vcxproj" on node 2 (Build target(s)).
     1>ClCompile:
         C:\Program Files (x86)\Microsoft Visual Studio 12.0\VC\bin\CL.exe /c /IC:\SDL2\include /IC:\SDL2_image\include /IC:\glew\include /IC:\SDL2_mixer\include /ZI /nologo /W3 /WX- /sdl /Od /Oy- /D _WINDOWS /D _MBCS /D _MBCS /Gm /EHsc /RTC1 /MDd /GS /fp:precise /Zc:wchar_t /Zc:forScope /Fo"Debug\\" /Fd"Debug\vc120.pdb" /Gd /TP /analyze- /errorReport:prompt entity.cpp main.cpp Matrix.cpp ShaderProgram.cpp
         ShaderProgram.cpp
         Matrix.cpp
     1>c:\users\tom\documents\visual studio 2013\projects\cs3113\hw04\matrix.cpp(213): warning C4244: 'argument' : conversion from 'double' to 'float', possible loss of data
     1>c:\users\tom\documents\visual studio 2013\projects\cs3113\hw04\matrix.cpp(214): warning C4244: 'argument' : conversion from 'double' to 'float', possible loss of data
         main.cpp
         entity.cpp
     1>c:\users\tom\documents\visual studio 2013\projects\cs3113\hw04\entity.cpp(45): warning C4244: 'initializing' : conversion from 'double' to 'GLfloat', possible loss of data
         Generating Code...
       Link:
         C:\Program Files (x86)\Microsoft Visual Studio 12.0\VC\bin\link.exe /ERRORREPORT:PROMPT /OUT:"C:\Users\Tom\Documents\Visual Studio 2013\Projects\cs3113\hw04\Debug\NYUCodebase.exe" /INCREMENTAL /NOLOGO /LIBPATH:C:\SDL2_mixer\lib\x86 /LIBPATH:C:\SDL2\lib\x86 /LIBPATH:C:\SDL2_image\lib\x86 /LIBPATH:C:\glew\lib\Release\Win32 SDL2.lib SDL2_mixer.lib glew32.lib SDL2main.lib SDL2_image.lib OpenGL32.lib /MANIFEST /MANIFESTUAC:"level='asInvoker' uiAccess='false'" /manifest:embed /DEBUG /PDB:"C:\Users\Tom\Documents\Visual Studio 2013\Projects\cs3113\hw04\Debug\NYUCodebase.pdb" /SUBSYSTEM:WINDOWS /TLBID:1 /DYNAMICBASE /NXCOMPAT /IMPLIB:"C:\Users\Tom\Documents\Visual Studio 2013\Projects\cs3113\hw04\Debug\NYUCodebase.lib" /MACHINE:X86 Debug\entity.obj
         Debug\main.obj
         Debug\Matrix.obj
         Debug\ShaderProgram.obj
         LINK : C:\Users\Tom\Documents\Visual Studio 2013\Projects\cs3113\hw04\Debug\NYUCodebase.exe not found or not built by the last incremental link; performing full link
     1>MSVCRTD.lib(cinitexe.obj) : warning LNK4098: defaultlib 'msvcrt.lib' conflicts with use of other libs; use /NODEFAULTLIB:library
         NYUCodebase.vcxproj -> C:\Users\Tom\Documents\Visual Studio 2013\Projects\cs3113\hw04\Debug\NYUCodebase.exe
     1>Done Building Project "C:\Users\Tom\Documents\Visual Studio 2013\Projects\cs3113\hw04\NYUCodebase.vcxproj" (Build target(s)).

Build succeeded.

Time Elapsed 00:00:03.31
