Build started 4/1/2016 12:02:09 AM.
     1>Project "C:\Users\Tom\Documents\Visual Studio 2013\Projects\cs3113-me\hw05\NYUCodebase.vcxproj" on node 2 (Build target(s)).
     1>ClCompile:
         C:\Program Files (x86)\Microsoft Visual Studio 12.0\VC\bin\CL.exe /c /IC:\SDL2\include /IC:\SDL2_image\include /IC:\glew\include /IC:\SDL2_mixer\include /ZI /nologo /W3 /WX- /sdl /Od /Oy- /D _WINDOWS /D _MBCS /D _MBCS /Gm /EHsc /RTC1 /MDd /GS /fp:precise /Zc:wchar_t /Zc:forScope /Fo"Debug\\" /Fd"Debug\vc120.pdb" /Gd /TP /analyze- /errorReport:prompt entity.cpp main.cpp Matrix.cpp platformer.cpp ShaderProgram.cpp spritesheet.cpp
         spritesheet.cpp
         ShaderProgram.cpp
         platformer.cpp
     1>c:\users\tom\documents\visual studio 2013\projects\cs3113-me\hw05\platformer.cpp(91): warning C4018: '<' : signed/unsigned mismatch
     1>c:\users\tom\documents\visual studio 2013\projects\cs3113-me\hw05\platformer.cpp(107): warning C4018: '<' : signed/unsigned mismatch
     1>c:\users\tom\documents\visual studio 2013\projects\cs3113-me\hw05\platformer.cpp(112): warning C4018: '<' : signed/unsigned mismatch
     1>c:\users\tom\documents\visual studio 2013\projects\cs3113-me\hw05\platformer.cpp(241): warning C4305: '=' : truncation from 'double' to 'float'
     1>c:\users\tom\documents\visual studio 2013\projects\cs3113-me\hw05\platformer.cpp(287): warning C4305: 'initializing' : truncation from 'double' to 'float'
     1>c:\users\tom\documents\visual studio 2013\projects\cs3113-me\hw05\platformer.cpp(288): warning C4018: '<' : signed/unsigned mismatch
     1>c:\users\tom\documents\visual studio 2013\projects\cs3113-me\hw05\platformer.cpp(289): warning C4018: '<' : signed/unsigned mismatch
     1>c:\users\tom\documents\visual studio 2013\projects\cs3113-me\hw05\platformer.cpp(349): warning C4244: '=' : conversion from 'float' to 'int', possible loss of data
     1>c:\users\tom\documents\visual studio 2013\projects\cs3113-me\hw05\platformer.cpp(350): warning C4244: '=' : conversion from 'float' to 'int', possible loss of data
     1>c:\users\tom\documents\visual studio 2013\projects\cs3113-me\hw05\platformer.cpp(366): warning C4244: 'argument' : conversion from 'double' to 'float', possible loss of data
         Matrix.cpp
     1>c:\users\tom\documents\visual studio 2013\projects\cs3113-me\hw05\matrix.cpp(213): warning C4244: 'argument' : conversion from 'double' to 'float', possible loss of data
     1>c:\users\tom\documents\visual studio 2013\projects\cs3113-me\hw05\matrix.cpp(214): warning C4244: 'argument' : conversion from 'double' to 'float', possible loss of data
         main.cpp
         entity.cpp
         Generating Code...
       Link:
         C:\Program Files (x86)\Microsoft Visual Studio 12.0\VC\bin\link.exe /ERRORREPORT:PROMPT /OUT:"C:\Users\Tom\Documents\Visual Studio 2013\Projects\cs3113-me\hw05\Debug\NYUCodebase.exe" /INCREMENTAL /NOLOGO /LIBPATH:C:\SDL2_mixer\lib\x86 /LIBPATH:C:\SDL2\lib\x86 /LIBPATH:C:\SDL2_image\lib\x86 /LIBPATH:C:\glew\lib\Release\Win32 SDL2.lib SDL2_mixer.lib glew32.lib SDL2main.lib SDL2_image.lib OpenGL32.lib /MANIFEST /MANIFESTUAC:"level='asInvoker' uiAccess='false'" /manifest:embed /DEBUG /PDB:"C:\Users\Tom\Documents\Visual Studio 2013\Projects\cs3113-me\hw05\Debug\NYUCodebase.pdb" /SUBSYSTEM:WINDOWS /TLBID:1 /DYNAMICBASE /NXCOMPAT /IMPLIB:"C:\Users\Tom\Documents\Visual Studio 2013\Projects\cs3113-me\hw05\Debug\NYUCodebase.lib" /MACHINE:X86 Debug\entity.obj
         Debug\main.obj
         Debug\Matrix.obj
         Debug\platformer.obj
         Debug\ShaderProgram.obj
         Debug\spritesheet.obj
     1>MSVCRTD.lib(cinitexe.obj) : warning LNK4098: defaultlib 'msvcrt.lib' conflicts with use of other libs; use /NODEFAULTLIB:library
         NYUCodebase.vcxproj -> C:\Users\Tom\Documents\Visual Studio 2013\Projects\cs3113-me\hw05\Debug\NYUCodebase.exe
     1>Done Building Project "C:\Users\Tom\Documents\Visual Studio 2013\Projects\cs3113-me\hw05\NYUCodebase.vcxproj" (Build target(s)).

Build succeeded.

Time Elapsed 00:00:03.19
